<?xml version="1.0" encoding="UTF-8" ?>
<testsuites>
  <testsuite failures="2" hostname="DT2659" id="0" name="JobScience/tests" package="" skipped="0" tests="11" time="499.247" timestamp="Thu Mar 30 12:20:22 BST 2017">
	    <properties>
		      <property name="excludeCallableTestCases" value="true" />

		      <property name="testEnvironment" value="TestEnv" />

		      <property name="pluginOutputLevel" value="WARNING" />

		      <property name="projectPath" value=".." />

		      <property name="salesforceMetadataCache" value="Reuse" />

		      <property name="resultsPathDisposition" value="Increment" />

		      <property name="testOutputLevel" value="WARNING" />

		      <property name="webBrowserType" value="Google Chrome" />

		      <property name="resultsPath" value="../ANT/Results" />

		      <property name="webBrowserConfiguration" value="Full Screen" />

		      <property name="projectCachePath" value="../../.provarCaches" />

	    </properties>

	    <testcase classname="tests/TestSuite\Sales-General\Contacts\367a-MAUpdateStandaradEmailonupdatePersonalEmail.testcase" name="367a-MAUpdateStandaradEmailonupdatePersonalEmail.testcase" time="67.911">
	</testcase>

	    <testcase classname="tests/TestSuite\Sales-General\Contacts\367a-UpdateStandaradEmail.testcase" name="367a-UpdateStandaradEmail.testcase" time="1.145">
		      <failure message="Execution failed"><![CDATA[Failed to create Object.  Error Messages: Account ID: id value of incorrect type: acd]]></failure>

	    </testcase>

	    <testcase classname="tests/TestSuite\Sales-General\Contacts\367b-MAUpdateStandaradEmailonupdateWorkEmail.testcase" name="367b-MAUpdateStandaradEmailonupdateWorkEmail.testcase" time="57.756">
	</testcase>

	    <testcase classname="tests/TestSuite\Sales-General\Contacts\367c-MAUpdateStandaradEmailondeleteWorkEmail.testcase" name="367c-MAUpdateStandaradEmailondeleteWorkEmail.testcase" time="40.996">
	</testcase>

	    <testcase classname="tests/TestSuite\Sales-General\Contacts\367d-MAUpdateStandaradEmailondeleteAllEmail.testcase" name="367d-MAUpdateStandaradEmailondeleteAllEmail.testcase" time="43.067">
		      <failure message="Execution failed"><![CDATA[Assertion failed.  (expected)   = null (actual)]]></failure>

	    </testcase>

	    <testcase classname="tests/TestSuite\Sales-General\Contacts\367e-PAUpdateStandaradEmailonupdateWorkEmail.testcase" name="367e-PAUpdateStandaradEmailonupdateWorkEmail.testcase" time="60.963">
	</testcase>

	    <testcase classname="tests/TestSuite\Sales-General\Contacts\367f-PAUpdateStandaradEmailonupdatePersonalEmail.testcase" name="367f-PAUpdateStandaradEmailonupdatePersonalEmail.testcase" time="57.251">
	</testcase>

	    <testcase classname="tests/TestSuite\Sales-General\Contacts\367g-PAUpdateStandaradEmailondeletePersonalEmail.testcase" name="367g-PAUpdateStandaradEmailondeletePersonalEmail.testcase" time="40.189">
	</testcase>

	    <testcase classname="tests/TestSuite\Sales-General\Contacts\367h-PAUpdateStandaradEmailondeleteAllEmail.testcase" name="367h-PAUpdateStandaradEmailondeleteAllEmail.testcase" time="58.171">
	</testcase>

	    <testcase classname="tests/TestSuite\Sales-General\Contacts\663a-CCUpdateStandaradEmail.testcase" name="663a-CCUpdateStandaradEmail.testcase" time="32.565">
	</testcase>

	    <testcase classname="tests/TestSuite\Sales-General\Contacts\663c-CCUpdateStandaradEmail.testcase" name="663c-CCUpdateStandaradEmail.testcase" time="22.363">
	</testcase>

  </testsuite>
</testsuites>
